<?xml version="1.0" encoding="UTF-8"?>
<coverage generated="1779648443174" clover="3.2.0">
  <project timestamp="1779648443174" name="All files">
    <metrics statements="70" coveredstatements="33" conditionals="41" coveredconditionals="24" methods="7" coveredmethods="4" elements="118" coveredelements="61" complexity="0" loc="70" ncloc="70" packages="1" files="2" classes="2"/>
    <file name="app.js" path="C:\Users\ester\GCEIC26-102\api\src\app.js">
      <metrics statements="50" coveredstatements="13" conditionals="15" coveredconditionals="0" methods="4" coveredmethods="1"/>
      <line num="1" count="1" type="stmt"/>
      <line num="2" count="1" type="stmt"/>
      <line num="3" count="1" type="stmt"/>
      <line num="5" count="1" type="stmt"/>
      <line num="7" count="1" type="stmt"/>
      <line num="8" count="1" type="stmt"/>
      <line num="9" count="1" type="stmt"/>
      <line num="13" count="1" type="stmt"/>
      <line num="14" count="1" type="stmt"/>
      <line num="19" count="1" type="stmt"/>
      <line num="20" count="0" type="stmt"/>
      <line num="21" count="0" type="stmt"/>
      <line num="22" count="0" type="stmt"/>
      <line num="23" count="0" type="stmt"/>
      <line num="24" count="0" type="stmt"/>
      <line num="26" count="0" type="cond" truecount="0" falsecount="4"/>
      <line num="27" count="0" type="stmt"/>
      <line num="30" count="0" type="stmt"/>
      <line num="31" count="0" type="stmt"/>
      <line num="32" count="0" type="stmt"/>
      <line num="34" count="0" type="stmt"/>
      <line num="35" count="0" type="stmt"/>
      <line num="40" count="1" type="stmt"/>
      <line num="41" count="0" type="stmt"/>
      <line num="42" count="0" type="stmt"/>
      <line num="43" count="0" type="stmt"/>
      <line num="44" count="0" type="stmt"/>
      <line num="45" count="0" type="stmt"/>
      <line num="46" count="0" type="cond" truecount="0" falsecount="4"/>
      <line num="47" count="0" type="stmt"/>
      <line num="49" count="0" type="cond" truecount="0" falsecount="3"/>
      <line num="50" count="0" type="stmt"/>
      <line num="51" count="0" type="stmt"/>
      <line num="52" count="0" type="stmt"/>
      <line num="54" count="0" type="stmt"/>
      <line num="55" count="0" type="stmt"/>
      <line num="60" count="1" type="stmt"/>
      <line num="61" count="0" type="stmt"/>
      <line num="62" count="0" type="stmt"/>
      <line num="63" count="0" type="stmt"/>
      <line num="64" count="0" type="stmt"/>
      <line num="65" count="0" type="stmt"/>
      <line num="66" count="0" type="cond" truecount="0" falsecount="4"/>
      <line num="67" count="0" type="stmt"/>
      <line num="69" count="0" type="stmt"/>
      <line num="70" count="0" type="stmt"/>
      <line num="71" count="0" type="stmt"/>
      <line num="73" count="0" type="stmt"/>
      <line num="74" count="0" type="stmt"/>
      <line num="78" count="1" type="stmt"/>
    </file>
    <file name="funcoes.js" path="C:\Users\ester\GCEIC26-102\api\src\funcoes.js">
      <metrics statements="20" coveredstatements="20" conditionals="26" coveredconditionals="24" methods="3" coveredmethods="3"/>
      <line num="11" count="13" type="cond" truecount="2" falsecount="0"/>
      <line num="12" count="11" type="cond" truecount="2" falsecount="0"/>
      <line num="13" count="9" type="cond" truecount="2" falsecount="0"/>
      <line num="14" count="7" type="stmt"/>
      <line num="18" count="13" type="stmt"/>
      <line num="19" count="13" type="cond" truecount="4" falsecount="0"/>
      <line num="20" count="13" type="cond" truecount="2" falsecount="0"/>
      <line num="21" count="10" type="cond" truecount="2" falsecount="0"/>
      <line num="22" count="7" type="cond" truecount="2" falsecount="0"/>
      <line num="23" count="5" type="cond" truecount="2" falsecount="0"/>
      <line num="24" count="3" type="stmt"/>
      <line num="25" count="3" type="stmt"/>
      <line num="26" count="3" type="stmt"/>
      <line num="31" count="9" type="cond" truecount="0" falsecount="2"/>
      <line num="32" count="9" type="cond" truecount="2" falsecount="0"/>
      <line num="33" count="7" type="cond" truecount="4" falsecount="0"/>
      <line num="34" count="5" type="stmt"/>
      <line num="35" count="5" type="stmt"/>
      <line num="36" count="5" type="stmt"/>
      <line num="39" count="1" type="stmt"/>
    </file>
  </project>
</coverage>
