{"C:\\Users\\ester\\GCEIC26-102\\api\\src\\app.js": {"path":"C:\\Users\\ester\\GCEIC26-102\\api\\src\\app.js","statementMap":{"0":{"start":{"line":1,"column":16},"end":{"line":1,"column":34}},"1":{"start":{"line":2,"column":16},"end":{"line":2,"column":31}},"2":{"start":{"line":3,"column":16},"end":{"line":3,"column":33}},"3":{"start":{"line":5,"column":12},"end":{"line":5,"column":21}},"4":{"start":{"line":7,"column":0},"end":{"line":7,"column":18}},"5":{"start":{"line":8,"column":0},"end":{"line":8,"column":16}},"6":{"start":{"line":9,"column":0},"end":{"line":9,"column":24}},"7":{"start":{"line":13,"column":0},"end":{"line":15,"column":3}},"8":{"start":{"line":14,"column":2},"end":{"line":14,"column":65}},"9":{"start":{"line":19,"column":0},"end":{"line":37,"column":3}},"10":{"start":{"line":20,"column":2},"end":{"line":36,"column":3}},"11":{"start":{"line":21,"column":35},"end":{"line":21,"column":55}},"12":{"start":{"line":22,"column":18},"end":{"line":22,"column":26}},"13":{"start":{"line":23,"column":2},"end":{"line":23,"column":41}},"14":{"start":{"line":24,"column":1},"end":{"line":24,"column":20}},"15":{"start":{"line":26,"column":4},"end":{"line":28,"column":5}},"16":{"start":{"line":27,"column":6},"end":{"line":27,"column":77}},"17":{"start":{"line":30,"column":22},"end":{"line":30,"column":47}},"18":{"start":{"line":31,"column":1},"end":{"line":31,"column":24}},"19":{"start":{"line":32,"column":4},"end":{"line":32,"column":68}},"20":{"start":{"line":34,"column":1},"end":{"line":34,"column":26}},"21":{"start":{"line":35,"column":4},"end":{"line":35,"column":72}},"22":{"start":{"line":40,"column":0},"end":{"line":57,"column":3}},"23":{"start":{"line":41,"column":2},"end":{"line":56,"column":3}},"24":{"start":{"line":42,"column":28},"end":{"line":42,"column":48}},"25":{"start":{"line":43,"column":18},"end":{"line":43,"column":26}},"26":{"start":{"line":44,"column":4},"end":{"line":44,"column":52}},"27":{"start":{"line":45,"column":4},"end":{"line":45,"column":23}},"28":{"start":{"line":46,"column":4},"end":{"line":48,"column":5}},"29":{"start":{"line":47,"column":6},"end":{"line":47,"column":77}},"30":{"start":{"line":49,"column":39},"end":{"line":49,"column":44}},"31":{"start":{"line":50,"column":22},"end":{"line":50,"column":45}},"32":{"start":{"line":51,"column":4},"end":{"line":51,"column":27}},"33":{"start":{"line":52,"column":4},"end":{"line":52,"column":68}},"34":{"start":{"line":54,"column":4},"end":{"line":54,"column":29}},"35":{"start":{"line":55,"column":4},"end":{"line":55,"column":72}},"36":{"start":{"line":60,"column":0},"end":{"line":76,"column":3}},"37":{"start":{"line":61,"column":2},"end":{"line":75,"column":3}},"38":{"start":{"line":62,"column":33},"end":{"line":62,"column":53}},"39":{"start":{"line":63,"column":18},"end":{"line":63,"column":26}},"40":{"start":{"line":64,"column":4},"end":{"line":64,"column":41}},"41":{"start":{"line":65,"column":2},"end":{"line":65,"column":21}},"42":{"start":{"line":66,"column":4},"end":{"line":68,"column":5}},"43":{"start":{"line":67,"column":6},"end":{"line":67,"column":77}},"44":{"start":{"line":69,"column":22},"end":{"line":69,"column":45}},"45":{"start":{"line":70,"column":2},"end":{"line":70,"column":25}},"46":{"start":{"line":71,"column":4},"end":{"line":71,"column":68}},"47":{"start":{"line":73,"column":2},"end":{"line":73,"column":27}},"48":{"start":{"line":74,"column":4},"end":{"line":74,"column":72}},"49":{"start":{"line":78,"column":0},"end":{"line":78,"column":20}}},"fnMap":{"0":{"name":"(anonymous_0)","decl":{"start":{"line":13,"column":19},"end":{"line":13,"column":20}},"loc":{"start":{"line":13,"column":33},"end":{"line":15,"column":1}},"line":13},"1":{"name":"(anonymous_1)","decl":{"start":{"line":19,"column":36},"end":{"line":19,"column":37}},"loc":{"start":{"line":19,"column":50},"end":{"line":37,"column":1}},"line":19},"2":{"name":"(anonymous_2)","decl":{"start":{"line":40,"column":45},"end":{"line":40,"column":46}},"loc":{"start":{"line":40,"column":59},"end":{"line":57,"column":1}},"line":40},"3":{"name":"(anonymous_3)","decl":{"start":{"line":60,"column":34},"end":{"line":60,"column":35}},"loc":{"start":{"line":60,"column":48},"end":{"line":76,"column":1}},"line":60}},"branchMap":{"0":{"loc":{"start":{"line":26,"column":4},"end":{"line":28,"column":5}},"type":"if","locations":[{"start":{"line":26,"column":4},"end":{"line":28,"column":5}},{"start":{},"end":{}}],"line":26},"1":{"loc":{"start":{"line":26,"column":8},"end":{"line":26,"column":43}},"type":"binary-expr","locations":[{"start":{"line":26,"column":8},"end":{"line":26,"column":14}},{"start":{"line":26,"column":18},"end":{"line":26,"column":43}}],"line":26},"2":{"loc":{"start":{"line":46,"column":4},"end":{"line":48,"column":5}},"type":"if","locations":[{"start":{"line":46,"column":4},"end":{"line":48,"column":5}},{"start":{},"end":{}}],"line":46},"3":{"loc":{"start":{"line":46,"column":8},"end":{"line":46,"column":43}},"type":"binary-expr","locations":[{"start":{"line":46,"column":8},"end":{"line":46,"column":14}},{"start":{"line":46,"column":18},"end":{"line":46,"column":43}}],"line":46},"4":{"loc":{"start":{"line":49,"column":12},"end":{"line":49,"column":18}},"type":"default-arg","locations":[{"start":{"line":49,"column":17},"end":{"line":49,"column":18}}],"line":49},"5":{"loc":{"start":{"line":49,"column":20},"end":{"line":49,"column":26}},"type":"default-arg","locations":[{"start":{"line":49,"column":25},"end":{"line":49,"column":26}}],"line":49},"6":{"loc":{"start":{"line":49,"column":28},"end":{"line":49,"column":34}},"type":"default-arg","locations":[{"start":{"line":49,"column":33},"end":{"line":49,"column":34}}],"line":49},"7":{"loc":{"start":{"line":66,"column":4},"end":{"line":68,"column":5}},"type":"if","locations":[{"start":{"line":66,"column":4},"end":{"line":68,"column":5}},{"start":{},"end":{}}],"line":66},"8":{"loc":{"start":{"line":66,"column":8},"end":{"line":66,"column":43}},"type":"binary-expr","locations":[{"start":{"line":66,"column":8},"end":{"line":66,"column":14}},{"start":{"line":66,"column":18},"end":{"line":66,"column":43}}],"line":66}},"s":{"0":1,"1":1,"2":1,"3":1,"4":1,"5":1,"6":1,"7":1,"8":1,"9":1,"10":0,"11":0,"12":0,"13":0,"14":0,"15":0,"16":0,"17":0,"18":0,"19":0,"20":0,"21":0,"22":1,"23":0,"24":0,"25":0,"26":0,"27":0,"28":0,"29":0,"30":0,"31":0,"32":0,"33":0,"34":0,"35":0,"36":1,"37":0,"38":0,"39":0,"40":0,"41":0,"42":0,"43":0,"44":0,"45":0,"46":0,"47":0,"48":0,"49":1},"f":{"0":1,"1":0,"2":0,"3":0},"b":{"0":[0,0],"1":[0,0],"2":[0,0],"3":[0,0],"4":[0],"5":[0],"6":[0],"7":[0,0],"8":[0,0]},"_coverageSchema":"1a1c01bbd47fc00a2c39e90264f33305004495a9","hash":"0da98435b9c23f4a9fe926148d21cfeb4cd84e34"}
,"C:\\Users\\ester\\GCEIC26-102\\api\\src\\funcoes.js": {"path":"C:\\Users\\ester\\GCEIC26-102\\api\\src\\funcoes.js","statementMap":{"0":{"start":{"line":11,"column":2},"end":{"line":11,"column":70}},"1":{"start":{"line":11,"column":15},"end":{"line":11,"column":70}},"2":{"start":{"line":12,"column":2},"end":{"line":12,"column":65}},"3":{"start":{"line":12,"column":14},"end":{"line":12,"column":65}},"4":{"start":{"line":13,"column":2},"end":{"line":13,"column":66}},"5":{"start":{"line":13,"column":14},"end":{"line":13,"column":66}},"6":{"start":{"line":14,"column":2},"end":{"line":14,"column":38}},"7":{"start":{"line":18,"column":2},"end":{"line":18,"column":21}},"8":{"start":{"line":19,"column":44},"end":{"line":19,"column":49}},"9":{"start":{"line":20,"column":2},"end":{"line":20,"column":60}},"10":{"start":{"line":20,"column":18},"end":{"line":20,"column":60}},"11":{"start":{"line":21,"column":2},"end":{"line":21,"column":70}},"12":{"start":{"line":21,"column":15},"end":{"line":21,"column":70}},"13":{"start":{"line":22,"column":2},"end":{"line":22,"column":65}},"14":{"start":{"line":22,"column":14},"end":{"line":22,"column":65}},"15":{"start":{"line":23,"column":2},"end":{"line":23,"column":66}},"16":{"start":{"line":23,"column":14},"end":{"line":23,"column":66}},"17":{"start":{"line":24,"column":19},"end":{"line":24,"column":20}},"18":{"start":{"line":25,"column":2},"end":{"line":25,"column":47}},"19":{"start":{"line":26,"column":2},"end":{"line":26,"column":31}},"20":{"start":{"line":31,"column":36},"end":{"line":31,"column":41}},"21":{"start":{"line":32,"column":2},"end":{"line":32,"column":60}},"22":{"start":{"line":32,"column":18},"end":{"line":32,"column":60}},"23":{"start":{"line":33,"column":2},"end":{"line":33,"column":83}},"24":{"start":{"line":33,"column":38},"end":{"line":33,"column":83}},"25":{"start":{"line":34,"column":25},"end":{"line":34,"column":26}},"26":{"start":{"line":35,"column":2},"end":{"line":35,"column":56}},"27":{"start":{"line":36,"column":2},"end":{"line":36,"column":37}},"28":{"start":{"line":39,"column":0},"end":{"line":43,"column":2}}},"fnMap":{"0":{"name":"calcularMKM","decl":{"start":{"line":2,"column":9},"end":{"line":2,"column":20}},"loc":{"start":{"line":2,"column":33},"end":{"line":15,"column":1}},"line":2},"1":{"name":"calcularPrecoVenda","decl":{"start":{"line":17,"column":9},"end":{"line":17,"column":27}},"loc":{"start":{"line":17,"column":35},"end":{"line":27,"column":1}},"line":17},"2":{"name":"calcularDesconto","decl":{"start":{"line":30,"column":9},"end":{"line":30,"column":25}},"loc":{"start":{"line":30,"column":33},"end":{"line":37,"column":1}},"line":30}},"branchMap":{"0":{"loc":{"start":{"line":11,"column":2},"end":{"line":11,"column":70}},"type":"if","locations":[{"start":{"line":11,"column":2},"end":{"line":11,"column":70}},{"start":{},"end":{}}],"line":11},"1":{"loc":{"start":{"line":12,"column":2},"end":{"line":12,"column":65}},"type":"if","locations":[{"start":{"line":12,"column":2},"end":{"line":12,"column":65}},{"start":{},"end":{}}],"line":12},"2":{"loc":{"start":{"line":13,"column":2},"end":{"line":13,"column":66}},"type":"if","locations":[{"start":{"line":13,"column":2},"end":{"line":13,"column":66}},{"start":{},"end":{}}],"line":13},"3":{"loc":{"start":{"line":19,"column":9},"end":{"line":19,"column":18}},"type":"default-arg","locations":[{"start":{"line":19,"column":17},"end":{"line":19,"column":18}}],"line":19},"4":{"loc":{"start":{"line":19,"column":20},"end":{"line":19,"column":26}},"type":"default-arg","locations":[{"start":{"line":19,"column":25},"end":{"line":19,"column":26}}],"line":19},"5":{"loc":{"start":{"line":19,"column":28},"end":{"line":19,"column":33}},"type":"default-arg","locations":[{"start":{"line":19,"column":32},"end":{"line":19,"column":33}}],"line":19},"6":{"loc":{"start":{"line":19,"column":35},"end":{"line":19,"column":40}},"type":"default-arg","locations":[{"start":{"line":19,"column":39},"end":{"line":19,"column":40}}],"line":19},"7":{"loc":{"start":{"line":20,"column":2},"end":{"line":20,"column":60}},"type":"if","locations":[{"start":{"line":20,"column":2},"end":{"line":20,"column":60}},{"start":{},"end":{}}],"line":20},"8":{"loc":{"start":{"line":21,"column":2},"end":{"line":21,"column":70}},"type":"if","locations":[{"start":{"line":21,"column":2},"end":{"line":21,"column":70}},{"start":{},"end":{}}],"line":21},"9":{"loc":{"start":{"line":22,"column":2},"end":{"line":22,"column":65}},"type":"if","locations":[{"start":{"line":22,"column":2},"end":{"line":22,"column":65}},{"start":{},"end":{}}],"line":22},"10":{"loc":{"start":{"line":23,"column":2},"end":{"line":23,"column":66}},"type":"if","locations":[{"start":{"line":23,"column":2},"end":{"line":23,"column":66}},{"start":{},"end":{}}],"line":23},"11":{"loc":{"start":{"line":31,"column":9},"end":{"line":31,"column":18}},"type":"default-arg","locations":[{"start":{"line":31,"column":17},"end":{"line":31,"column":18}}],"line":31},"12":{"loc":{"start":{"line":31,"column":20},"end":{"line":31,"column":32}},"type":"default-arg","locations":[{"start":{"line":31,"column":31},"end":{"line":31,"column":32}}],"line":31},"13":{"loc":{"start":{"line":32,"column":2},"end":{"line":32,"column":60}},"type":"if","locations":[{"start":{"line":32,"column":2},"end":{"line":32,"column":60}},{"start":{},"end":{}}],"line":32},"14":{"loc":{"start":{"line":33,"column":2},"end":{"line":33,"column":83}},"type":"if","locations":[{"start":{"line":33,"column":2},"end":{"line":33,"column":83}},{"start":{},"end":{}}],"line":33},"15":{"loc":{"start":{"line":33,"column":6},"end":{"line":33,"column":36}},"type":"binary-expr","locations":[{"start":{"line":33,"column":6},"end":{"line":33,"column":18}},{"start":{"line":33,"column":22},"end":{"line":33,"column":36}}],"line":33}},"s":{"0":13,"1":2,"2":11,"3":2,"4":9,"5":2,"6":7,"7":13,"8":13,"9":13,"10":3,"11":10,"12":3,"13":7,"14":2,"15":5,"16":2,"17":3,"18":3,"19":3,"20":9,"21":9,"22":2,"23":7,"24":2,"25":5,"26":5,"27":5,"28":1},"f":{"0":13,"1":13,"2":9},"b":{"0":[2,11],"1":[2,9],"2":[2,7],"3":[1],"4":[2],"5":[2],"6":[2],"7":[3,10],"8":[3,7],"9":[2,5],"10":[2,3],"11":[0],"12":[0],"13":[2,7],"14":[2,5],"15":[7,6]},"_coverageSchema":"1a1c01bbd47fc00a2c39e90264f33305004495a9","hash":"5f2567801ff2d9b3834924ebcdff4291137ca62a"}
}
