{"C:\\Users\\ester\\GCEIC26-102\\api\\src\\funcoes.js": {"path":"C:\\Users\\ester\\GCEIC26-102\\api\\src\\funcoes.js","statementMap":{"0":{"start":{"line":11,"column":2},"end":{"line":11,"column":70}},"1":{"start":{"line":11,"column":15},"end":{"line":11,"column":70}},"2":{"start":{"line":12,"column":2},"end":{"line":12,"column":65}},"3":{"start":{"line":12,"column":14},"end":{"line":12,"column":65}},"4":{"start":{"line":13,"column":2},"end":{"line":13,"column":66}},"5":{"start":{"line":13,"column":14},"end":{"line":13,"column":66}},"6":{"start":{"line":14,"column":18},"end":{"line":14,"column":19}},"7":{"start":{"line":15,"column":2},"end":{"line":15,"column":41}},"8":{"start":{"line":16,"column":2},"end":{"line":16,"column":30}},"9":{"start":{"line":21,"column":2},"end":{"line":21,"column":21}},"10":{"start":{"line":22,"column":44},"end":{"line":22,"column":49}},"11":{"start":{"line":23,"column":2},"end":{"line":23,"column":60}},"12":{"start":{"line":23,"column":18},"end":{"line":23,"column":60}},"13":{"start":{"line":24,"column":2},"end":{"line":24,"column":70}},"14":{"start":{"line":24,"column":15},"end":{"line":24,"column":70}},"15":{"start":{"line":25,"column":2},"end":{"line":25,"column":65}},"16":{"start":{"line":25,"column":14},"end":{"line":25,"column":65}},"17":{"start":{"line":26,"column":2},"end":{"line":26,"column":66}},"18":{"start":{"line":26,"column":14},"end":{"line":26,"column":66}},"19":{"start":{"line":27,"column":19},"end":{"line":27,"column":20}},"20":{"start":{"line":28,"column":2},"end":{"line":28,"column":47}},"21":{"start":{"line":29,"column":2},"end":{"line":29,"column":31}},"22":{"start":{"line":34,"column":0},"end":{"line":37,"column":2}}},"fnMap":{"0":{"name":"calcularMKD","decl":{"start":{"line":2,"column":9},"end":{"line":2,"column":20}},"loc":{"start":{"line":2,"column":33},"end":{"line":18,"column":1}},"line":2},"1":{"name":"calcularPrecoVenda","decl":{"start":{"line":20,"column":9},"end":{"line":20,"column":27}},"loc":{"start":{"line":20,"column":35},"end":{"line":31,"column":1}},"line":20}},"branchMap":{"0":{"loc":{"start":{"line":11,"column":2},"end":{"line":11,"column":70}},"type":"if","locations":[{"start":{"line":11,"column":2},"end":{"line":11,"column":70}},{"start":{},"end":{}}],"line":11},"1":{"loc":{"start":{"line":12,"column":2},"end":{"line":12,"column":65}},"type":"if","locations":[{"start":{"line":12,"column":2},"end":{"line":12,"column":65}},{"start":{},"end":{}}],"line":12},"2":{"loc":{"start":{"line":13,"column":2},"end":{"line":13,"column":66}},"type":"if","locations":[{"start":{"line":13,"column":2},"end":{"line":13,"column":66}},{"start":{},"end":{}}],"line":13},"3":{"loc":{"start":{"line":22,"column":9},"end":{"line":22,"column":18}},"type":"default-arg","locations":[{"start":{"line":22,"column":17},"end":{"line":22,"column":18}}],"line":22},"4":{"loc":{"start":{"line":22,"column":20},"end":{"line":22,"column":26}},"type":"default-arg","locations":[{"start":{"line":22,"column":25},"end":{"line":22,"column":26}}],"line":22},"5":{"loc":{"start":{"line":22,"column":28},"end":{"line":22,"column":33}},"type":"default-arg","locations":[{"start":{"line":22,"column":32},"end":{"line":22,"column":33}}],"line":22},"6":{"loc":{"start":{"line":22,"column":35},"end":{"line":22,"column":40}},"type":"default-arg","locations":[{"start":{"line":22,"column":39},"end":{"line":22,"column":40}}],"line":22},"7":{"loc":{"start":{"line":23,"column":2},"end":{"line":23,"column":60}},"type":"if","locations":[{"start":{"line":23,"column":2},"end":{"line":23,"column":60}},{"start":{},"end":{}}],"line":23},"8":{"loc":{"start":{"line":24,"column":2},"end":{"line":24,"column":70}},"type":"if","locations":[{"start":{"line":24,"column":2},"end":{"line":24,"column":70}},{"start":{},"end":{}}],"line":24},"9":{"loc":{"start":{"line":25,"column":2},"end":{"line":25,"column":65}},"type":"if","locations":[{"start":{"line":25,"column":2},"end":{"line":25,"column":65}},{"start":{},"end":{}}],"line":25},"10":{"loc":{"start":{"line":26,"column":2},"end":{"line":26,"column":66}},"type":"if","locations":[{"start":{"line":26,"column":2},"end":{"line":26,"column":66}},{"start":{},"end":{}}],"line":26}},"s":{"0":13,"1":2,"2":11,"3":2,"4":9,"5":2,"6":7,"7":7,"8":7,"9":13,"10":13,"11":13,"12":3,"13":10,"14":3,"15":7,"16":2,"17":5,"18":2,"19":3,"20":3,"21":3,"22":1},"f":{"0":13,"1":13},"b":{"0":[2,11],"1":[2,9],"2":[2,7],"3":[1],"4":[2],"5":[2],"6":[2],"7":[3,10],"8":[3,7],"9":[2,5],"10":[2,3]},"_coverageSchema":"1a1c01bbd47fc00a2c39e90264f33305004495a9","hash":"200b4508312e4604afed0d7508d0d34467cdec8d"}
}
