TN:
SF:src\app.js
FN:13,(anonymous_0)
FN:19,(anonymous_1)
FN:40,(anonymous_2)
FN:60,(anonymous_3)
FNF:4
FNH:1
FNDA:1,(anonymous_0)
FNDA:0,(anonymous_1)
FNDA:0,(anonymous_2)
FNDA:0,(anonymous_3)
DA:1,1
DA:2,1
DA:3,1
DA:5,1
DA:7,1
DA:8,1
DA:9,1
DA:13,1
DA:14,1
DA:19,1
DA:20,0
DA:21,0
DA:22,0
DA:23,0
DA:24,0
DA:26,0
DA:27,0
DA:30,0
DA:31,0
DA:32,0
DA:34,0
DA:35,0
DA:40,1
DA:41,0
DA:42,0
DA:43,0
DA:44,0
DA:45,0
DA:46,0
DA:47,0
DA:49,0
DA:50,0
DA:51,0
DA:52,0
DA:54,0
DA:55,0
DA:60,1
DA:61,0
DA:62,0
DA:63,0
DA:64,0
DA:65,0
DA:66,0
DA:67,0
DA:69,0
DA:70,0
DA:71,0
DA:73,0
DA:74,0
DA:78,1
LF:50
LH:13
BRDA:26,0,0,0
BRDA:26,0,1,0
BRDA:26,1,0,0
BRDA:26,1,1,0
BRDA:46,2,0,0
BRDA:46,2,1,0
BRDA:46,3,0,0
BRDA:46,3,1,0
BRDA:49,4,0,0
BRDA:49,5,0,0
BRDA:49,6,0,0
BRDA:66,7,0,0
BRDA:66,7,1,0
BRDA:66,8,0,0
BRDA:66,8,1,0
BRF:15
BRH:0
end_of_record
TN:
SF:src\funcoes.js
FN:2,calcularMKM
FN:17,calcularPrecoVenda
FN:30,calcularDesconto
FNF:3
FNH:3
FNDA:13,calcularMKM
FNDA:13,calcularPrecoVenda
FNDA:9,calcularDesconto
DA:11,13
DA:12,11
DA:13,9
DA:14,7
DA:18,13
DA:19,13
DA:20,13
DA:21,10
DA:22,7
DA:23,5
DA:24,3
DA:25,3
DA:26,3
DA:31,9
DA:32,9
DA:33,7
DA:34,5
DA:35,5
DA:36,5
DA:39,1
LF:20
LH:20
BRDA:11,0,0,2
BRDA:11,0,1,11
BRDA:12,1,0,2
BRDA:12,1,1,9
BRDA:13,2,0,2
BRDA:13,2,1,7
BRDA:19,3,0,1
BRDA:19,4,0,2
BRDA:19,5,0,2
BRDA:19,6,0,2
BRDA:20,7,0,3
BRDA:20,7,1,10
BRDA:21,8,0,3
BRDA:21,8,1,7
BRDA:22,9,0,2
BRDA:22,9,1,5
BRDA:23,10,0,2
BRDA:23,10,1,3
BRDA:31,11,0,0
BRDA:31,12,0,0
BRDA:32,13,0,2
BRDA:32,13,1,7
BRDA:33,14,0,2
BRDA:33,14,1,5
BRDA:33,15,0,7
BRDA:33,15,1,6
BRF:26
BRH:24
end_of_record
