TN:
SF:src\funcoes.js
FN:2,calcularMKD
FN:20,calcularPrecoVenda
FNF:2
FNH:2
FNDA:13,calcularMKD
FNDA:13,calcularPrecoVenda
DA:11,13
DA:12,11
DA:13,9
DA:14,7
DA:15,7
DA:16,7
DA:21,13
DA:22,13
DA:23,13
DA:24,10
DA:25,7
DA:26,5
DA:27,3
DA:28,3
DA:29,3
DA:34,1
LF:16
LH:16
BRDA:11,0,0,2
BRDA:11,0,1,11
BRDA:12,1,0,2
BRDA:12,1,1,9
BRDA:13,2,0,2
BRDA:13,2,1,7
BRDA:22,3,0,1
BRDA:22,4,0,2
BRDA:22,5,0,2
BRDA:22,6,0,2
BRDA:23,7,0,3
BRDA:23,7,1,10
BRDA:24,8,0,3
BRDA:24,8,1,7
BRDA:25,9,0,2
BRDA:25,9,1,5
BRDA:26,10,0,2
BRDA:26,10,1,3
BRF:18
BRH:18
end_of_record
